[14:07:16] [Server thread/INFO]: com.mojang.authlib.GameProfile@2c81d303[id=<null>,name=IceScreem02,properties={},legacy=false] (/98.183.154.105:55500) lost connection: Disconnected
[14:07:37] [Server thread/INFO]: com.mojang.authlib.GameProfile@1e528cf0[id=<null>,name=IceScreem02,properties={},legacy=false] (/98.183.154.105:55508) lost connection: Disconnected
[16:58:53] [User Authenticator #13/INFO]: UUID of player IceScreem02 is 4f4fda52-a166-41c3-92fd-2a094d4b28ae
[16:58:58] [Server thread/INFO]: IceScreem02[/98.183.154.105:56894] logged in with entity id 15976502 at (-378.5, 63.1, -37.5)
[16:58:58] [Server thread/INFO]: IceScreem02 joined the game
[16:58:58] [Server thread/WARN]: Fetching addPacket for removed entity
[17:40:27] [Server thread/INFO]: [IceScreem02: Set own game mode to Creative Mode]
[17:49:21] [Server thread/INFO]: [IceScreem02: Set own game mode to Survival Mode]
[18:48:00] [Server thread/INFO]: [IceScreem02: Set own game mode to Creative Mode]
[18:48:28] [Server thread/INFO]: [IceScreem02: Set own game mode to Survival Mode]
[18:51:41] [Server thread/INFO]: IceScreem02 lost connection: TextComponent{text='Disconnected', siblings=[], style=Style{hasParent=false, color=null, bold=null, italic=null, underlined=null, obfuscated=null, clickEvent=null, hoverEvent=null}}
[18:51:41] [Server thread/INFO]: IceScreem02 left the game
[18:52:38] [User Authenticator #14/INFO]: UUID of player IceScreem02 is 4f4fda52-a166-41c3-92fd-2a094d4b28ae
[18:52:40] [Server thread/INFO]: IceScreem02[/98.183.154.105:57166] logged in with entity id 16291647 at (-32.5, 79.5, 10.0)
[18:52:40] [Server thread/INFO]: IceScreem02 joined the game
[18:55:26] [Server thread/INFO]: IceScreem02 was slain by Skeleton Major
[19:04:36] [Server thread/WARN]: IceScreem02 moved wrongly!
[19:12:03] [Server thread/INFO]: IceScreem02 fell out of the world
[19:13:02] [Server thread/INFO]: [IceScreem02: Changing to clear weather]
[19:31:03] [User Authenticator #15/INFO]: UUID of player SamEureka is 863a1852-109f-4675-b4a6-cd49e645b8e1
[19:31:04] [Server thread/INFO]: SamEureka[/70.160.134.172:65533] logged in with entity id 16417205 at (-162.6566114566529, 63.0, 110.63986191896274)
[19:31:04] [Server thread/INFO]: SamEureka joined the game
[19:52:54] [Server thread/INFO]: SamEureka was slain by Zombie Pigman
[19:54:12] [Server thread/INFO]: SamEureka was blown up by Ghost Creeper
[19:56:44] [Server thread/WARN]: SamEureka moved wrongly!
[19:57:23] [Server thread/INFO]: SamEureka was slain by Zombie Pigman
[19:58:25] [Server thread/INFO]: SamEureka was slain by Zombie Pigman
[20:12:35] [Server thread/INFO]: <IceScreem02> hi Mr.Dennon
[20:13:58] [Server thread/INFO]: IceScreem02 has just earned the achievement [Get Yourself Cleaned Up]
[20:14:55] [Server thread/INFO]: [IceScreem02: Set own game mode to Survival Mode]
[20:14:59] [Server thread/INFO]: [IceScreem02: Set own game mode to Creative Mode]
[20:16:33] [Server thread/INFO]: [IceScreem02: Set own game mode to Survival Mode]
[20:17:27] [Server thread/INFO]: IceScreem02 lost connection: TextComponent{text='Disconnected', siblings=[], style=Style{hasParent=false, color=null, bold=null, italic=null, underlined=null, obfuscated=null, clickEvent=null, hoverEvent=null}}
[20:17:27] [Server thread/INFO]: IceScreem02 left the game
[20:20:10] [Server thread/INFO]: SamEureka lost connection: TextComponent{text='Disconnected', siblings=[], style=Style{hasParent=false, color=null, bold=null, italic=null, underlined=null, obfuscated=null, clickEvent=null, hoverEvent=null}}
[20:20:10] [Server thread/INFO]: SamEureka left the game
